2025-02-20 19:02:35 Loading main app package /usr/lib/obsidian/obsidian.asar
2025-02-20 19:02:35 Checking for update using Github
2025-02-20 19:02:35 Success.
2025-02-20 19:02:35 Latest version is 1.8.7
2025-02-20 19:02:35 App is up to date.
2025-02-20 20:02:35 Checking for update using Github
2025-02-20 20:02:35 Success.
2025-02-20 20:02:35 Latest version is 1.8.7
2025-02-20 20:02:35 App is up to date.
2025-02-21 11:17:56 Loading main app package /usr/lib/obsidian/obsidian.asar
2025-02-21 11:17:56 Checking for update using Github
2025-02-21 11:17:56 Success.
2025-02-21 11:17:56 Latest version is 1.8.7
2025-02-21 11:17:56 App is up to date.
2025-02-21 12:17:56 Checking for update using Github
2025-02-21 12:17:56 Success.
2025-02-21 12:17:56 Latest version is 1.8.7
2025-02-21 12:17:56 App is up to date.
2025-02-21 13:17:56 Checking for update using Github
2025-02-21 13:17:56 Success.
2025-02-21 13:17:56 Latest version is 1.8.7
2025-02-21 13:17:56 App is up to date.
2025-02-21 14:17:56 Checking for update using Github
2025-02-21 14:17:56 Success.
2025-02-21 14:17:56 Latest version is 1.8.7
2025-02-21 14:17:56 App is up to date.
2025-02-21 14:23:32 Loading main app package /usr/lib/obsidian/obsidian.asar
2025-02-21 14:23:33 Checking for update using Github
2025-02-21 14:23:33 Success.
2025-02-21 14:23:33 Latest version is 1.8.7
2025-02-21 14:23:33 App is up to date.
2025-02-21 15:23:32 Checking for update using Github
2025-02-21 15:23:32 Success.
2025-02-21 15:23:32 Latest version is 1.8.7
2025-02-21 15:23:32 App is up to date.
2025-02-21 16:23:33 Checking for update using Github
2025-02-21 16:23:33 Success.
2025-02-21 16:23:33 Latest version is 1.8.7
2025-02-21 16:23:33 App is up to date.
2025-02-21 17:23:33 Checking for update using Github
2025-02-21 17:23:33 Success.
2025-02-21 17:23:33 Latest version is 1.8.7
2025-02-21 17:23:33 App is up to date.
2025-02-21 18:23:33 Checking for update using Github
2025-02-21 18:23:33 Success.
2025-02-21 18:23:33 Latest version is 1.8.7
2025-02-21 18:23:33 App is up to date.
2025-02-21 19:23:33 Checking for update using Github
2025-02-21 19:23:33 Success.
2025-02-21 19:23:33 Latest version is 1.8.7
2025-02-21 19:23:33 App is up to date.
2025-02-21 20:23:33 Checking for update using Github
2025-02-21 20:23:33 Success.
2025-02-21 20:23:33 Latest version is 1.8.7
2025-02-21 20:23:33 App is up to date.
2025-02-21 21:23:33 Checking for update using Github
2025-02-21 21:23:33 Success.
2025-02-21 21:23:33 Latest version is 1.8.7
2025-02-21 21:23:33 App is up to date.
2025-02-21 22:23:33 Checking for update using Github
2025-02-21 22:23:33 Success.
2025-02-21 22:23:33 Latest version is 1.8.7
2025-02-21 22:23:33 App is up to date.
2025-02-21 23:23:33 Checking for update using Github
2025-02-21 23:23:33 Success.
2025-02-21 23:23:33 Latest version is 1.8.7
2025-02-21 23:23:33 App is up to date.
2025-02-22 00:23:33 Checking for update using Github
2025-02-22 00:23:33 Success.
2025-02-22 00:23:33 Latest version is 1.8.7
2025-02-22 00:23:33 App is up to date.
2025-02-22 01:23:33 Checking for update using Github
2025-02-22 01:23:33 Success.
2025-02-22 01:23:33 Latest version is 1.8.7
2025-02-22 01:23:33 App is up to date.
2025-02-22 17:16:35 Loading main app package /usr/lib/obsidian/obsidian.asar
2025-02-22 17:16:36 Checking for update using Github
2025-02-22 17:16:36 Success.
2025-02-22 17:16:36 Latest version is 1.8.7
2025-02-22 17:16:36 App is up to date.
2025-02-22 18:16:35 Checking for update using Github
2025-02-22 18:16:35 Success.
2025-02-22 18:16:35 Latest version is 1.8.7
2025-02-22 18:16:35 App is up to date.
2025-02-24 12:01:23 Loading main app package /usr/lib/obsidian/obsidian.asar
2025-02-24 12:01:24 Checking for update using Github
2025-02-24 12:01:24 Success.
2025-02-24 12:01:24 Latest version is 1.8.7
2025-02-24 12:01:24 App is up to date.
2025-02-24 13:01:24 Checking for update using Github
2025-02-24 13:01:24 Success.
2025-02-24 13:01:24 Latest version is 1.8.7
2025-02-24 13:01:24 App is up to date.
2025-02-25 11:15:55 Loading main app package /usr/lib/obsidian/obsidian.asar
2025-02-25 11:15:55 Checking for update using Github
2025-02-25 11:15:55 Success.
2025-02-25 11:15:55 Latest version is 1.8.7
2025-02-25 11:15:55 App is up to date.
2025-02-25 12:15:55 Checking for update using Github
2025-02-25 12:15:55 Success.
2025-02-25 12:15:55 Latest version is 1.8.7
2025-02-25 12:15:55 App is up to date.
2025-02-25 13:15:55 Checking for update using Github
2025-02-25 13:15:55 Success.
2025-02-25 13:15:55 Latest version is 1.8.7
2025-02-25 13:15:55 App is up to date.
2025-02-25 14:15:55 Checking for update using Github
2025-02-25 14:15:55 Success.
2025-02-25 14:15:55 Latest version is 1.8.7
2025-02-25 14:15:55 App is up to date.
2025-02-25 15:15:55 Checking for update using Github
2025-02-25 15:15:55 Success.
2025-02-25 15:15:55 Latest version is 1.8.7
2025-02-25 15:15:55 App is up to date.
2025-03-01 22:14:42 Loading main app package /usr/lib/obsidian/obsidian.asar
2025-03-01 22:14:42 Checking for update using Github
2025-03-01 22:14:42 Success.
2025-03-01 22:14:42 Latest version is 1.8.7
2025-03-01 22:14:42 App is up to date.
2025-03-01 22:24:21 Loading main app package /usr/lib/obsidian/obsidian.asar
2025-03-01 22:24:22 Checking for update using Github
2025-03-01 22:24:22 Success.
2025-03-01 22:24:22 Latest version is 1.8.7
2025-03-01 22:24:22 App is up to date.
2025-03-01 23:41:27 Checking for update using Github
2025-03-01 23:41:27 Success.
2025-03-01 23:41:27 Latest version is 1.8.7
2025-03-01 23:41:27 App is up to date.
2025-03-02 00:41:27 Checking for update using Github
2025-03-02 00:41:27 Success.
2025-03-02 00:41:27 Latest version is 1.8.7
2025-03-02 00:41:27 App is up to date.
2025-03-02 01:41:27 Checking for update using Github
2025-03-02 01:41:27 Success.
2025-03-02 01:41:27 Latest version is 1.8.7
2025-03-02 01:41:27 App is up to date.
2025-03-02 02:41:27 Checking for update using Github
2025-03-02 02:41:27 Success.
2025-03-02 02:41:27 Latest version is 1.8.7
2025-03-02 02:41:27 App is up to date.
2025-03-02 03:41:27 Checking for update using Github
2025-03-02 03:41:27 Success.
2025-03-02 03:41:27 Latest version is 1.8.7
2025-03-02 03:41:27 App is up to date.
2025-03-04 13:12:26 Loading main app package /usr/lib/obsidian/obsidian.asar
2025-03-04 13:12:26 Checking for update using Github
2025-03-04 13:12:26 Success.
2025-03-04 13:12:26 Latest version is 1.8.7
2025-03-04 13:12:26 App is up to date.
2025-03-04 14:12:26 Checking for update using Github
2025-03-04 14:12:26 Success.
2025-03-04 14:12:26 Latest version is 1.8.7
2025-03-04 14:12:26 App is up to date.
2025-03-04 15:54:33 Checking for update using Github
2025-03-04 16:43:21 Loading main app package /usr/lib/obsidian/obsidian.asar
2025-03-04 16:43:21 Checking for update using Github
2025-03-04 16:43:21 Success.
2025-03-04 16:43:21 Latest version is 1.8.7
2025-03-04 16:43:21 App is up to date.
2025-03-04 17:43:21 Checking for update using Github
2025-03-04 17:43:21 Success.
2025-03-04 17:43:21 Latest version is 1.8.7
2025-03-04 17:43:21 App is up to date.
2025-03-04 18:43:21 Checking for update using Github
2025-03-04 18:43:21 Success.
2025-03-04 18:43:21 Latest version is 1.8.7
2025-03-04 18:43:21 App is up to date.
2025-03-04 19:43:21 Checking for update using Github
2025-03-04 19:43:21 Success.
2025-03-04 19:43:21 Latest version is 1.8.7
2025-03-04 19:43:21 App is up to date.
2025-03-04 20:43:21 Checking for update using Github
2025-03-04 20:43:21 Success.
2025-03-04 20:43:21 Latest version is 1.8.7
2025-03-04 20:43:21 App is up to date.
2025-03-06 17:36:50 Loading main app package /usr/lib/obsidian/obsidian.asar
2025-03-06 17:36:50 Checking for update using Github
2025-03-06 17:36:50 Success.
2025-03-06 17:36:50 Latest version is 1.8.9
2025-03-06 17:36:50 App is up to date.
2025-03-06 18:36:50 Checking for update using Github
2025-03-06 18:36:50 Success.
2025-03-06 18:36:50 Latest version is 1.8.9
2025-03-06 18:36:50 App is up to date.
2025-03-06 18:41:58 Loading main app package /usr/lib/obsidian/obsidian.asar
2025-03-06 18:41:59 Checking for update using Github
2025-03-06 18:41:59 Success.
2025-03-06 18:41:59 Latest version is 1.8.9
2025-03-06 18:41:59 App is up to date.
2025-03-06 19:41:58 Checking for update using Github
2025-03-06 19:41:58 Success.
2025-03-06 19:41:58 Latest version is 1.8.9
2025-03-06 19:41:58 App is up to date.
2025-03-06 20:41:58 Checking for update using Github
2025-03-06 20:41:58 Success.
2025-03-06 20:41:58 Latest version is 1.8.9
2025-03-06 20:41:58 App is up to date.
2025-03-08 14:11:11 Loading main app package /usr/lib/obsidian/obsidian.asar
2025-03-08 14:11:11 Checking for update using Github
2025-03-08 14:11:11 Success.
2025-03-08 14:11:11 Latest version is 1.8.9
2025-03-08 14:11:11 App is up to date.
2025-03-08 15:11:11 Checking for update using Github
2025-03-08 15:11:11 Success.
2025-03-08 15:11:11 Latest version is 1.8.9
2025-03-08 15:11:11 App is up to date.
2025-03-08 16:11:11 Checking for update using Github
2025-03-08 16:11:11 Success.
2025-03-08 16:11:11 Latest version is 1.8.9
2025-03-08 16:11:11 App is up to date.
2025-03-08 17:11:11 Checking for update using Github
2025-03-08 17:11:11 Success.
2025-03-08 17:11:11 Latest version is 1.8.9
2025-03-08 17:11:11 App is up to date.
2025-03-08 17:58:37 Loading main app package /usr/lib/obsidian/obsidian.asar
2025-03-08 17:58:37 Checking for update using Github
2025-03-08 17:58:37 Success.
2025-03-08 17:58:37 Latest version is 1.8.9
2025-03-08 17:58:37 App is up to date.
2025-03-08 18:58:37 Checking for update using Github
2025-03-08 18:58:37 Success.
2025-03-08 18:58:37 Latest version is 1.8.9
2025-03-08 18:58:37 App is up to date.
2025-03-08 19:58:37 Checking for update using Github
2025-03-08 19:58:39 Success.
2025-03-08 19:58:39 Latest version is 1.8.9
2025-03-08 19:58:39 App is up to date.
2025-03-08 20:58:37 Checking for update using Github
2025-03-08 20:58:40 Success.
2025-03-08 20:58:40 Latest version is 1.8.9
2025-03-08 20:58:40 App is up to date.
2025-03-08 21:58:37 Checking for update using Github
2025-03-08 21:58:37 Success.
2025-03-08 21:58:37 Latest version is 1.8.9
2025-03-08 21:58:37 App is up to date.
2025-03-08 22:58:37 Checking for update using Github
2025-03-08 22:58:37 Success.
2025-03-08 22:58:37 Latest version is 1.8.9
2025-03-08 22:58:37 App is up to date.
2025-03-08 23:58:37 Checking for update using Github
2025-03-08 23:58:37 Success.
2025-03-08 23:58:37 Latest version is 1.8.9
2025-03-08 23:58:37 App is up to date.
2025-03-09 00:58:37 Checking for update using Github
2025-03-09 00:58:37 Success.
2025-03-09 00:58:37 Latest version is 1.8.9
2025-03-09 00:58:37 App is up to date.
2025-03-09 01:58:37 Checking for update using Github
2025-03-09 01:58:37 Success.
2025-03-09 01:58:37 Latest version is 1.8.9
2025-03-09 01:58:37 App is up to date.
2025-03-09 02:58:37 Checking for update using Github
2025-03-09 02:58:37 Success.
2025-03-09 02:58:37 Latest version is 1.8.9
2025-03-09 02:58:37 App is up to date.
2025-03-09 03:58:37 Checking for update using Github
2025-03-09 03:58:37 Success.
2025-03-09 03:58:37 Latest version is 1.8.9
2025-03-09 03:58:37 App is up to date.
2025-03-09 04:58:37 Checking for update using Github
2025-03-09 04:58:37 Success.
2025-03-09 04:58:37 Latest version is 1.8.9
2025-03-09 04:58:37 App is up to date.
